<?xml version="1.0" encoding="UTF-8"?>
<!-- Generated by org.testng.reporters.JUnitReportReporter -->
<testsuite hostname="LAPTOP-P1614QAC" failures="0" tests="2" name="qaclickacademy.AppiumTest" time="0.026" errors="0" timestamp="2022-04-14T23:55:01 IST" skipped="0">
  <testcase classname="qaclickacademy.AppiumTest" name="NativeAPAndriod" time="0.008"/>
  <system-out/>
  <testcase classname="qaclickacademy.AppiumTest" name="IOSApp" time="0.018"/>
  <system-out/>
</testsuite> <!-- qaclickacademy.AppiumTest -->
